<?xml version="1.0" encoding="UTF-8"?>
<testsuite xmlns:xsi="http://www.w3.org/2001/XMLSchema-instance" xsi:noNamespaceSchemaLocation="https://maven.apache.org/surefire/maven-surefire-plugin/xsd/surefire-test-report-3.0.xsd" version="3.0" name="com.bosonit.formacion.block5properties.Block5PropertiesApplicationTests" time="2.408" tests="1" errors="0" skipped="0" failures="0">
  <properties>
[...]
</properties>
  <testcase name="contextLoads" classname="com.bosonit.formacion.block5properties.Block5PropertiesApplicationTests" time="0.77">
    <system-out><![CDATA[09:37:13.677 [main] INFO org.springframework.test.context.support.AnnotationConfigContextLoaderUtils -- Could not detect default configuration classes for test class [com.bosonit.formacion.block5properties.Block5PropertiesApplicationTests]: Block5PropertiesApplicationTests does not declare any static, non-private, non-final, nested classes annotated with @Configuration.
09:37:13.769 [main] INFO org.springframework.boot.test.context.SpringBootTestContextBootstrapper -- Found @SpringBootConfiguration com.bosonit.formacion.block5properties.Block5PropertiesApplication for test class com.bosonit.formacion.block5properties.Block5PropertiesApplicationTests

  .   ____          _            __ _ _
 /\\ / ___'_ __ _ _(_)_ __  __ _ \ \ \ \
( ( )\___ | '_ | '_| | '_ \/ _` | \ \ \ \
 \\/  ___)| |_)| | | | | || (_| |  ) ) ) )
  '  |____| .__|_| |_|_| |_\__, | / / / /
 =========|_|==============|___/=/_/_/_/
 :: Spring Boot ::                (v3.1.5)

2023-11-16T09:37:14.122+01:00  INFO 2928 --- [           main] c.b.f.b.Block5PropertiesApplicationTests : Starting Block5PropertiesApplicationTests using Java 21.0.1 with PID 2928 (started by eduardo.jimeno in C:\Users\eduardo.jimeno\IdeaProjects\block5-properties)
2023-11-16T09:37:14.124+01:00  INFO 2928 --- [           main] c.b.f.b.Block5PropertiesApplicationTests : No active profile set, falling back to 1 default profile: "default"
2023-11-16T09:37:15.147+01:00  INFO 2928 --- [           main] c.b.f.b.Block5PropertiesApplicationTests : Started Block5PropertiesApplicationTests in 1.263 seconds (process running for 2.06)
El valor de greeting es: Hello world!
El valor de my.number es: 100
El valor de new.property es: new.property no tiene valor
]]></system-out>
    <system-err><![CDATA[WARNING: A Java agent has been loaded dynamically (C:\Users\eduardo.jimeno\.m2\repository\net\bytebuddy\byte-buddy-agent\1.14.9\byte-buddy-agent-1.14.9.jar)
WARNING: If a serviceability tool is in use, please run with -XX:+EnableDynamicAgentLoading to hide this warning
WARNING: If a serviceability tool is not in use, please run with -Djdk.instrument.traceUsage for more information
WARNING: Dynamic loading of agents will be disallowed by default in a future release
]]></system-err>
  </testcase>
</testsuite>